INFO:root:User crystal91 registered at 2020-05-10 00:17:32.057287 

INFO:root:User crystal91 logged in at 2020-05-10 00:17:32.058073 

INFO:root:User umorales registered at 2020-05-10 00:17:32.059983 

INFO:root:User umorales logged in at 2020-05-10 00:17:32.060877 

INFO:root:User anthony12 registered at 2020-05-10 00:17:32.062851 

INFO:root:User anthony12 logged in at 2020-05-10 00:17:32.063318 

INFO:root:User kgordon registered at 2020-05-10 00:17:32.065268 

INFO:root:User kgordon logged in at 2020-05-10 00:17:32.066064 

INFO:root:User ibrown registered at 2020-05-10 00:17:32.068836 

INFO:root:User ibrown logged in at 2020-05-10 00:17:32.069530 

INFO:root:User '172' signed out at 2020-05-10 00:17:36.273986 

INFO:root: User 'crystal91' signed out at '2020-05-10 00:17:36.277057'
INFO:root:User '173' signed out at 2020-05-10 00:17:36.281970 

INFO:root:User '172' signed out at 2020-05-10 00:17:36.284982 

INFO:root: User 'umorales' signed out at '2020-05-10 00:17:36.286659'
INFO:root:User '174' signed out at 2020-05-10 00:17:36.289209 

INFO:root: User 'anthony12' signed out at '2020-05-10 00:17:36.289959'
INFO:root:User '175' signed out at 2020-05-10 00:17:36.290807 

INFO:root: User 'kgordon' signed out at '2020-05-10 00:17:36.291937'
INFO:root:User '176' signed out at 2020-05-10 00:17:36.293358 

INFO:root: User 'ibrown' signed out at '2020-05-10 00:17:36.294219'
INFO:root:User '174' signed out at 2020-05-10 00:17:36.300099 

INFO:root:User '173' signed out at 2020-05-10 00:17:36.300442 

INFO:root: User 'crystal91' signed out at '2020-05-10 00:17:36.302772'
INFO:root: User 'umorales' signed out at '2020-05-10 00:17:36.304201'
INFO:root:User '175' signed out at 2020-05-10 00:17:36.306952 

INFO:root: User 'kgordon' signed out at '2020-05-10 00:17:36.307559'
INFO:root: User 'anthony12' signed out at '2020-05-10 00:17:36.310775'
INFO:root:User '176' signed out at 2020-05-10 00:17:36.311149 

INFO:root: User 'ibrown' signed out at '2020-05-10 00:17:36.313459'
INFO:root:User ashlee33 registered at 2020-05-10 02:12:21.876833 

INFO:root:User ashlee33 logged in at 2020-05-10 02:12:21.878174 

INFO:root:User jessicarobinson registered at 2020-05-10 02:12:21.880364 

INFO:root:User jessicarobinson logged in at 2020-05-10 02:12:21.881443 

INFO:root:User danielle74 registered at 2020-05-10 02:12:21.887515 

INFO:root:User danielle74 logged in at 2020-05-10 02:12:21.888294 

INFO:root:User christopher20 registered at 2020-05-10 02:12:21.890482 

INFO:root:User christopher20 logged in at 2020-05-10 02:12:21.891487 

INFO:root:User ngreen registered at 2020-05-10 02:12:21.894715 

INFO:root:User ngreen logged in at 2020-05-10 02:12:21.895227 

INFO:root:User '181' signed out at 2020-05-10 02:12:23.148512 

INFO:root: User 'ngreen' signed out at '2020-05-10 02:12:23.150820'
INFO:root:User '179' signed out at 2020-05-10 02:12:48.954171 

INFO:root: User 'danielle74' signed out at '2020-05-10 02:12:48.956169'
INFO:root:User '180' signed out at 2020-05-10 02:12:50.113904 

INFO:root: User 'christopher20' signed out at '2020-05-10 02:12:50.116432'
INFO:root:User '178' signed out at 2020-05-10 02:12:50.381529 

INFO:root: User 'jessicarobinson' signed out at '2020-05-10 02:12:50.382185'
INFO:root:User '177' signed out at 2020-05-10 02:12:50.735898 

INFO:root: User 'ashlee33' signed out at '2020-05-10 02:12:50.736578'
